<?xml version="1.0" encoding="UTF-8"?>
<!-- Generated by org.testng.reporters.JUnitReportReporter -->
<testsuite hostname="Nagababu" name="com.teksystems.ButtonsLinks" tests="1" failures="0" timestamp="15 Mar 2015 18:17:17 GMT" time="56.079" errors="0">
  <testcase name="buttonslink" time="56.079" classname="com.teksystems.ButtonsLinks"/>
</testsuite> <!-- com.teksystems.ButtonsLinks -->
