<?xml version="1.0" encoding="UTF-8"?>
<!-- Generated by org.testng.reporters.JUnitReportReporter -->
<testsuite hostname="Nagababu" name="com.teksystems.DiffBrowsers" tests="1" failures="0" timestamp="13 Mar 2015 04:37:55 GMT" time="16.653" errors="0">
  <testcase name="diffbr" time="16.653" classname="com.teksystems.DiffBrowsers"/>
</testsuite> <!-- com.teksystems.DiffBrowsers -->
