<?xml version="1.0" encoding="UTF-8"?>
<!-- Generated by org.testng.reporters.JUnitReportReporter -->
<testsuite hostname="Nagababu" name="com.teksystems.DropDown" tests="1" failures="0" timestamp="24 Mar 2015 19:01:15 GMT" time="16.054" errors="0">
  <testcase name="drop" time="16.054" classname="com.teksystems.DropDown"/>
</testsuite> <!-- com.teksystems.DropDown -->
