<?xml version="1.0" encoding="UTF-8"?>
<!-- Generated by org.testng.reporters.JUnitReportReporter -->
<testsuite hostname="Nagababu" name="com.teksystems.Drag_Drops" tests="1" failures="0" timestamp="30 Mar 2015 18:57:31 GMT" time="92.297" errors="0">
  <testcase name="drag" time="92.297" classname="com.teksystems.Drag_Drops"/>
</testsuite> <!-- com.teksystems.Drag_Drops -->
