<?xml version="1.0" encoding="UTF-8"?>
<!-- Generated by org.testng.reporters.JUnitReportReporter -->
<testsuite hostname="Nagababu" name="com.teksystems.Google" tests="1" failures="0" timestamp="13 Mar 2015 04:08:44 GMT" time="55.234" errors="0">
  <testcase name="goog" time="55.234" classname="com.teksystems.Google"/>
</testsuite> <!-- com.teksystems.Google -->
