<?xml version="1.0" encoding="UTF-8"?>
<!-- Generated by org.testng.reporters.JUnitReportReporter -->
<testsuite hostname="Nagababu" name="com.teksystems.WebTables" tests="1" failures="0" timestamp="13 Apr 2015 19:06:55 GMT" time="63.017" errors="0">
  <testcase name="table" time="63.017" classname="com.teksystems.WebTables"/>
</testsuite> <!-- com.teksystems.WebTables -->
