<?xml version="1.0" encoding="UTF-8"?>
<!-- Generated by org.testng.reporters.JUnitReportReporter -->
<testsuite hostname="Nagababu" name="com.teksystems.CSS_Xpath" tests="1" failures="0" timestamp="23 Mar 2015 20:37:52 GMT" time="34.542" errors="0">
  <testcase name="m1" time="34.542" classname="com.teksystems.CSS_Xpath"/>
</testsuite> <!-- com.teksystems.CSS_Xpath -->
