<?xml version="1.0" encoding="UTF-8"?>
<!-- Generated by org.testng.reporters.JUnitReportReporter -->
<testsuite hostname="Nagababu" name="com.teksystems.DropDown_1Way" tests="1" failures="0" timestamp="24 Mar 2015 18:59:17 GMT" time="35.006" errors="0">
  <testcase name="drop" time="35.006" classname="com.teksystems.DropDown_1Way"/>
</testsuite> <!-- com.teksystems.DropDown_1Way -->
