<?xml version="1.0" encoding="UTF-8"?>
<!-- Generated by org.testng.reporters.JUnitReportReporter -->
<testsuite hostname="Nagababu" name="com.teksystems.Upload" tests="1" failures="0" timestamp="21 Apr 2015 05:46:41 GMT" time="50.219" errors="0">
  <testcase name="screen" time="50.219" classname="com.teksystems.Upload"/>
</testsuite> <!-- com.teksystems.Upload -->
