<?xml version="1.0" encoding="UTF-8"?>
<!-- Generated by org.testng.reporters.JUnitReportReporter -->
<testsuite hostname="Nagababu" name="com.teksystems.Window_Handling" tests="1" failures="0" timestamp="27 Mar 2015 20:59:19 GMT" time="42.515" errors="0">
  <testcase name="windos" time="42.515" classname="com.teksystems.Window_Handling"/>
</testsuite> <!-- com.teksystems.Window_Handling -->
