<?xml version="1.0" encoding="UTF-8"?>
<!-- Generated by org.testng.reporters.JUnitReportReporter -->
<testsuite hostname="Nagababu" name="com.teksystems.Alerts" tests="1" failures="0" timestamp="2 Apr 2015 04:48:14 GMT" time="36.598" errors="0">
  <testcase name="alert" time="36.598" classname="com.teksystems.Alerts"/>
</testsuite> <!-- com.teksystems.Alerts -->
