<?xml version="1.0" encoding="UTF-8"?>
<!-- Generated by org.testng.reporters.JUnitReportReporter -->
<testsuite hostname="Nagababu" name="com.teksystems.Drag_Drop" tests="1" failures="0" timestamp="29 Mar 2015 20:34:36 GMT" time="74.262" errors="0">
  <testcase name="drag" time="74.262" classname="com.teksystems.Drag_Drop"/>
</testsuite> <!-- com.teksystems.Drag_Drop -->
