<?xml version="1.0" encoding="UTF-8"?>
<!-- Generated by org.testng.reporters.JUnitReportReporter -->
<testsuite hostname="Nagababu" name="com.teksystems.Mouse_Movement" tests="1" failures="0" timestamp="30 Mar 2015 18:37:17 GMT" time="194.743" errors="0">
  <testcase name="mouse" time="194.743" classname="com.teksystems.Mouse_Movement"/>
</testsuite> <!-- com.teksystems.Mouse_Movement -->
