<?xml version="1.0" encoding="UTF-8"?>
<!-- Generated by org.testng.reporters.JUnitReportReporter -->
<testsuite hostname="Nagababu" name="com.teksystems.ExtractingAll_Links" tests="1" failures="0" timestamp="24 Mar 2015 05:23:11 GMT" time="26.221" errors="0">
  <testcase name="links" time="26.221" classname="com.teksystems.ExtractingAll_Links"/>
</testsuite> <!-- com.teksystems.ExtractingAll_Links -->
