<?xml version="1.0" encoding="UTF-8"?>
<!-- Generated by org.testng.reporters.JUnitReportReporter -->
<testsuite hostname="Nagababu" name="com.teksystems.Screenshot" tests="1" failures="0" timestamp="15 Apr 2015 05:05:14 GMT" time="36.004" errors="0">
  <testcase name="screen" time="36.004" classname="com.teksystems.Screenshot"/>
</testsuite> <!-- com.teksystems.Screenshot -->
