<?xml version="1.0" encoding="UTF-8"?>
<!-- Generated by org.testng.reporters.JUnitReportReporter -->
<testsuite hostname="Nagababu" name="com.teksystems.AllLinks2Way" tests="1" failures="0" timestamp="16 Mar 2015 19:35:31 GMT" time="58.471" errors="0">
  <testcase name="links" time="58.471" classname="com.teksystems.AllLinks2Way"/>
</testsuite> <!-- com.teksystems.AllLinks2Way -->
