<?xml version="1.0" encoding="UTF-8"?>
<!-- Generated by org.testng.reporters.JUnitReportReporter -->
<testsuite hostname="Nagababu" name="com.teksystems.Random_Numbers" tests="1" failures="0" timestamp="29 Mar 2015 19:41:56 GMT" time="0.023" errors="0">
  <testcase name="rand" time="0.023" classname="com.teksystems.Random_Numbers"/>
</testsuite> <!-- com.teksystems.Random_Numbers -->
